2021-08-23 16:47:18,614 |     INFO | ethapi.py [line:14] => web3 is connected:True
2021-08-23 16:47:18,684 |     INFO | main.py [line:17] => ../data/0816/output_n+1.csv
2021-08-23 16:47:18,805 |     INFO | initial.py [line:12] => The amount of transaction is: 6963
2021-08-23 16:47:18,818 |     INFO | main.py [line:26] => 第0笔交易: 
2021-08-23 16:47:18,858 |     INFO | ethapi.py [line:51] => Transaction is N+1!
2021-08-23 16:47:18,886 |     INFO | main.py [line:68] => token1:{'0xC02aaA39b223FE8D0A0e5C4F27eAD9083C756Cc2', '0xAC51066d7bEC65Dc4589368da368b212745d63E8', '0x30Bc873193466dC59Fc08159460c49F26F609795'}
2021-08-23 16:47:18,886 |     INFO | main.py [line:69] => token2:{'0x77bbC2B409C2c75E4999e8E3eb8309EFff37cf2D', '0xC02aaA39b223FE8D0A0e5C4F27eAD9083C756Cc2', '0x89Ab32156e46F46D02ade3FEcbe5Fc4243B9AAeD'}
2021-08-23 16:47:18,886 |     INFO | main.py [line:78] => Opponent!
2021-08-23 16:47:36,692 |     INFO | main.py [line:26] => 第1笔交易: 
2021-08-23 16:47:36,708 |     INFO | ethapi.py [line:51] => Transaction is N+1!
2021-08-23 16:47:36,724 |     INFO | main.py [line:68] => token1:{'0x725C263e32c72dDC3A19bEa12C5a0479a81eE688', '0x4a93a3bB71966DFfDe24b979945871e28F82236e', '0x00a8b738E453fFd858a7edf03bcCfe20412f0Eb0'}
2021-08-23 16:47:36,724 |     INFO | main.py [line:69] => token2:set()
2021-08-23 16:47:36,724 |     INFO | main.py [line:74] => Not opponent!
2021-08-23 16:47:36,729 |     INFO | main.py [line:26] => 第2笔交易: 
2021-08-23 16:47:36,744 |     INFO | ethapi.py [line:51] => Transaction is N+1!
2021-08-23 16:47:36,758 |     INFO | main.py [line:68] => token1:{'0xf6887Ad6f3B342840dbEA138E8003f2cA14f4500', '0x8B3870Df408fF4D7C3A26DF852D41034eDa11d81', '0xdAC17F958D2ee523a2206206994597C13D831ec7'}
2021-08-23 16:47:36,758 |     INFO | main.py [line:69] => token2:{'0x9d5963ba32e877871dfF3e2E697283dc64066271'}
2021-08-23 16:47:36,758 |     INFO | main.py [line:74] => Not opponent!
2021-08-23 16:47:36,763 |     INFO | main.py [line:26] => 第3笔交易: 
2021-08-23 16:47:36,775 |     INFO | ethapi.py [line:51] => Transaction is N+1!
2021-08-23 16:47:36,810 |     INFO | main.py [line:68] => token1:{'0x0DE0Fa91b6DbaB8c8503aAA2D1DFa91a192cB149', '0x2260FAC5E5542a773Aa44fBCfeDf7C193bc2C599', '0x657B83A0336561C8f64389a6f5aDE675C04b0C3b', '0x0A0AcC02Aec70778B34EA1a92bD9EC5d00F16593', '0xC02aaA39b223FE8D0A0e5C4F27eAD9083C756Cc2', '0xBb2b8038a1640196FbE3e38816F3e67Cba72D940', '0xdAC17F958D2ee523a2206206994597C13D831ec7'}
2021-08-23 16:47:36,811 |     INFO | main.py [line:69] => token2:{'0x6B175474E89094C44Da98b954EedeAC495271d0F', '0xFAaCE66BD25abFF62718AbD6DB97560E414eC074', '0x86fEf14C27C78dEAEb4349FD959CAA11fc5B5D75', '0x60A26d69263eF43e9a68964bA141263F19D71D51', '0xDef1C0ded9bec7F1a1670819833240f027b25EfF', '0x9008D19f58AAbD9eD0D60971565AA8510560ab41', '0x1bD435F3C054b6e901B7b108a0ab7617C808677b', '0xC02aaA39b223FE8D0A0e5C4F27eAD9083C756Cc2', '0xFca59Cd816aB1eaD66534D82bc21E7515cE441CF', '0xA0b86991c6218b36c1d19D4a2e9Eb0cE3606eB48'}
2021-08-23 16:47:36,811 |     INFO | main.py [line:78] => Opponent!
2021-08-23 16:48:00,928 |     INFO | main.py [line:26] => 第4笔交易: 
2021-08-23 16:48:00,938 |     INFO | ethapi.py [line:74] => Transaction with hash: '0x8a5c73ecc2a9dd11a73a4b5dc8dd799eae0dc7b5d496e0a7fc8a7cea75e04374' not found.
2021-08-23 16:48:00,938 |     INFO | ethapi.py [line:76] => Transcation is not exist!
2021-08-23 16:48:00,942 |     INFO | main.py [line:26] => 第5笔交易: 
2021-08-23 16:48:00,954 |     INFO | ethapi.py [line:51] => Transaction is N+1!
2021-08-23 16:48:00,968 |     INFO | main.py [line:68] => token1:{'0x66e32d1B776a43935ed20E8dc39A27A140d31C8f', '0xDaF88906aC1DE12bA2b1D2f7bfC94E9638Ac40c4', '0xdAC17F958D2ee523a2206206994597C13D831ec7'}
2021-08-23 16:48:00,968 |     INFO | main.py [line:69] => token2:{'0xc00e94Cb662C3520282E6f5717214004A7f26888', '0x080bf510FCbF18b91105470639e9561022937712', '0x8D90113A1e286a5aB3e496fbD1853F265e5913c6', '0xdAC17F958D2ee523a2206206994597C13D831ec7'}
2021-08-23 16:48:00,968 |     INFO | main.py [line:78] => Opponent!
2021-08-23 16:48:19,455 |     INFO | seleniumcraw.py [line:155] => Message: Unable to locate element: //*[@id="ContentPlaceHolder1_maintable"]/div[6]/div[2]/ul/li[1]/div

2021-08-23 16:48:19,937 |     INFO | main.py [line:26] => 第6笔交易: 
2021-08-23 16:48:19,947 |     INFO | ethapi.py [line:51] => Transaction is N+1!
2021-08-23 16:48:19,966 |     INFO | main.py [line:68] => token1:{'0xe4815AE53B124e7263F08dcDBBB757d41Ed658c6', '0xD3D8c734f06229E36fEbd07505d8f57b7b78aF7c', '0xdAC17F958D2ee523a2206206994597C13D831ec7'}
2021-08-23 16:48:19,966 |     INFO | main.py [line:69] => token2:{'0xaaAEBE6Fe48E54f431b0C390CfaF0b017d09D42d'}
2021-08-23 16:48:19,966 |     INFO | main.py [line:74] => Not opponent!
2021-08-23 16:48:19,971 |     INFO | main.py [line:26] => 第7笔交易: 
2021-08-23 16:48:19,986 |     INFO | ethapi.py [line:51] => Transaction is N+1!
2021-08-23 16:48:20,002 |     INFO | main.py [line:68] => token1:{'0x1197774E49F98B24C7aFA88F0Eb6fbd0E0786A0a', '0xdAC17F958D2ee523a2206206994597C13D831ec7', '0x76417E660DF3E5c90C0361674C192da152A806E4'}
2021-08-23 16:48:20,003 |     INFO | main.py [line:69] => token2:{'0x9dc696f1067a6B9929986283f6D316Be9C9198Fd', '0xD2dDa223b2617cB616c1580db421e4cFAe6a8a85', '0x1341A2257fa7b770420Ef70616f888056f90926c', '0xd058416F4c83a4F187631C454F872B076C0a7642', '0xC02aaA39b223FE8D0A0e5C4F27eAD9083C756Cc2'}
2021-08-23 16:48:20,003 |     INFO | main.py [line:74] => Not opponent!
2021-08-23 16:48:20,007 |     INFO | main.py [line:26] => 第8笔交易: 
2021-08-23 16:48:20,021 |     INFO | ethapi.py [line:48] => Transaction is N+2!
2021-08-23 16:48:20,031 |     INFO | main.py [line:68] => token1:{'0x065cC8636A00C007276ED9CB874CD59b89e6609b', '0xC02aaA39b223FE8D0A0e5C4F27eAD9083C756Cc2', '0xD1Ff2Ab0D9b9478eA9283F39215215F4260fA0b6'}
2021-08-23 16:48:20,031 |     INFO | main.py [line:69] => token2:{'0xBB0E17EF65F82Ab018d8EDd776e8DD940327B28b'}
2021-08-23 16:48:20,032 |     INFO | main.py [line:74] => Not opponent!
2021-08-23 16:48:20,036 |     INFO | main.py [line:26] => 第9笔交易: 
2021-08-23 16:48:20,055 |     INFO | ethapi.py [line:51] => Transaction is N+1!
2021-08-23 16:48:20,069 |     INFO | main.py [line:68] => token1:{'0xAB6E163cBEB3959b68b90beC722F5a9EEf82bA72', '0x38679cD2f9790cf484A34073CF9688D9fF026D87', '0x27C70Cd1946795B66be9d954418546998b546634', '0x874376Be8231DAd99AABF9EF0767b3cc054c60eE', '0x78d5383c08c60Bf598F1B549908DCC6726cdbfb7', '0xC02aaA39b223FE8D0A0e5C4F27eAD9083C756Cc2'}
2021-08-23 16:48:20,070 |     INFO | main.py [line:69] => token2:{'0x874376Be8231DAd99AABF9EF0767b3cc054c60eE', '0xC02aaA39b223FE8D0A0e5C4F27eAD9083C756Cc2', '0x57654aE132413E81459aD2AE70C2570A9B89fB53', '0x27C70Cd1946795B66be9d954418546998b546634'}
2021-08-23 16:48:20,070 |     INFO | main.py [line:78] => Opponent!
2021-08-23 16:48:50,939 |     INFO | main.py [line:26] => 第10笔交易: 
2021-08-23 16:48:50,984 |     INFO | ethapi.py [line:51] => Transaction is N+1!
2021-08-23 16:48:51,000 |     INFO | main.py [line:68] => token1:{'0x4Dc02e1bB2EC1CE4C50C351e6e06505E7B1dCe8d', '0x84cA8bc7997272c7CfB4D0Cd3D55cd942B3c9419', '0xC02aaA39b223FE8D0A0e5C4F27eAD9083C756Cc2'}
2021-08-23 16:48:51,001 |     INFO | main.py [line:69] => token2:{'0xC02aaA39b223FE8D0A0e5C4F27eAD9083C756Cc2', '0x8ad599c3A0ff1De082011EFDDc58f1908eb6e6D8', '0xA0b86991c6218b36c1d19D4a2e9Eb0cE3606eB48'}
2021-08-23 16:48:51,001 |     INFO | main.py [line:78] => Opponent!
2021-08-23 16:49:01,403 |     INFO | seleniumcraw.py [line:155] => Message: Unable to locate element: //*[@id="ContentPlaceHolder1_maintable"]/div[6]/div[2]/ul/li[1]/div

2021-08-23 16:49:01,891 |     INFO | main.py [line:26] => 第11笔交易: 
2021-08-23 16:49:01,903 |     INFO | ethapi.py [line:51] => Transaction is N+1!
2021-08-23 16:49:01,918 |     INFO | main.py [line:68] => token1:set()
2021-08-23 16:49:01,918 |     INFO | main.py [line:69] => token2:{'0xEFb47fcFCaD4F96c83D4ca676842fB03Ef20a477', '0x9813037ee2218799597d83D4a5B6F3b6778218d9', '0xD7c09E006A2891880331b0F6224071C1e890A98A', '0xCF6dAAB95c476106ECa715D48DE4b13287ffDEAa', '0xFf64Cb7Ba5717a10DAbC4Be3A41acd2C2F95eE22', '0x95aD61b0a150d79219dCF64E1E6Cc01f0B64C4cE', '0xC02aaA39b223FE8D0A0e5C4F27eAD9083C756Cc2'}
2021-08-23 16:49:01,918 |     INFO | main.py [line:74] => Not opponent!
2021-08-23 16:49:01,923 |     INFO | main.py [line:26] => 第12笔交易: 
2021-08-23 16:49:01,928 |     INFO | ethapi.py [line:74] => Transaction with hash: '0x4c9043177c3e4d7500a740b75721ded06b32d52f8e4ddbc3ef070e0e18fb911e' not found.
2021-08-23 16:49:01,928 |     INFO | ethapi.py [line:76] => Transcation is not exist!
2021-08-23 16:49:01,933 |     INFO | main.py [line:26] => 第13笔交易: 
2021-08-23 16:49:01,938 |     INFO | ethapi.py [line:74] => Transaction with hash: '0x9368da06d865b6c75d71a3f220350b72cb6fae79bfb1624b05c0dfac3240d098' not found.
2021-08-23 16:49:01,938 |     INFO | ethapi.py [line:76] => Transcation is not exist!
2021-08-23 16:49:01,942 |     INFO | main.py [line:26] => 第14笔交易: 
2021-08-23 16:49:01,951 |     INFO | ethapi.py [line:74] => Transaction with hash: '0xeb4e5c82458bb1bf795aa650c16ae9cb5702f9e6c2f667ea5d4c0ff80739b8c3' not found.
2021-08-23 16:49:01,951 |     INFO | ethapi.py [line:76] => Transcation is not exist!
2021-08-23 16:49:01,955 |     INFO | main.py [line:26] => 第15笔交易: 
2021-08-23 16:49:01,968 |     INFO | ethapi.py [line:51] => Transaction is N+1!
2021-08-23 16:49:01,981 |     INFO | main.py [line:68] => token1:{'0xC02aaA39b223FE8D0A0e5C4F27eAD9083C756Cc2', '0xF970b8E36e23F7fC3FD752EeA86f8Be8D83375A6', '0xf0936E53D924d7F442A04c038082A46c77ECc8d8'}
2021-08-23 16:49:01,981 |     INFO | main.py [line:69] => token2:{'0x88e6A0c2dDD26FEEb64F039a2c41296FcB3f5640', '0xC02aaA39b223FE8D0A0e5C4F27eAD9083C756Cc2', '0xA0b86991c6218b36c1d19D4a2e9Eb0cE3606eB48'}
2021-08-23 16:49:01,981 |     INFO | main.py [line:78] => Opponent!
2021-08-23 16:49:12,319 |     INFO | main.py [line:26] => 第16笔交易: 
2021-08-23 16:49:12,332 |     INFO | ethapi.py [line:51] => Transaction is N+1!
2021-08-23 16:49:12,343 |     INFO | main.py [line:68] => token1:{'0x811beEd0119b4AfCE20D2583EB608C6F7AF1954f', '0xC02aaA39b223FE8D0A0e5C4F27eAD9083C756Cc2', '0x95aD61b0a150d79219dCF64E1E6Cc01f0B64C4cE'}
2021-08-23 16:49:12,343 |     INFO | main.py [line:69] => token2:{'0x88e6A0c2dDD26FEEb64F039a2c41296FcB3f5640', '0xC02aaA39b223FE8D0A0e5C4F27eAD9083C756Cc2', '0xA0b86991c6218b36c1d19D4a2e9Eb0cE3606eB48'}
2021-08-23 16:49:12,343 |     INFO | main.py [line:78] => Opponent!
2021-08-23 16:49:24,050 |     INFO | seleniumcraw.py [line:155] => Message: Unable to locate element: //*[@id="ContentPlaceHolder1_maintable"]/div[6]/div[2]/ul/li[1]/div

2021-08-23 16:49:24,526 |     INFO | main.py [line:26] => 第17笔交易: 
2021-08-23 16:49:24,547 |     INFO | ethapi.py [line:41] => Transaction is failed!
2021-08-23 16:49:24,551 |     INFO | main.py [line:26] => 第18笔交易: 
2021-08-23 16:49:24,575 |     INFO | ethapi.py [line:51] => Transaction is N+1!
2021-08-23 16:49:24,590 |     INFO | main.py [line:68] => token1:{'0x4Dc02e1bB2EC1CE4C50C351e6e06505E7B1dCe8d', '0x84cA8bc7997272c7CfB4D0Cd3D55cd942B3c9419', '0xC02aaA39b223FE8D0A0e5C4F27eAD9083C756Cc2'}
2021-08-23 16:49:24,590 |     INFO | main.py [line:69] => token2:{'0xa3BeD4E1c75D00fa6f4E5E6922DB7261B5E9AcD2'}
2021-08-23 16:49:24,591 |     INFO | main.py [line:74] => Not opponent!
2021-08-23 16:49:24,594 |     INFO | main.py [line:26] => 第19笔交易: 
2021-08-23 16:49:24,612 |     INFO | ethapi.py [line:48] => Transaction is N+2!
2021-08-23 16:49:24,627 |     INFO | main.py [line:68] => token1:{'0xC02aaA39b223FE8D0A0e5C4F27eAD9083C756Cc2', '0x89635F792F4cfE2499Eb1BBdBa99e5D162e427Fa', '0xD7EFB00d12C2c13131FD319336Fdf952525dA2af'}
2021-08-23 16:49:24,627 |     INFO | main.py [line:69] => token2:{'0x7Be8076f4EA4A4AD08075C2508e481d6C946D12b', '0x495f947276749Ce646f68AC8c248420045cb7b5e'}
2021-08-23 16:49:24,627 |     INFO | main.py [line:74] => Not opponent!
2021-08-23 16:49:24,632 |     INFO | main.py [line:26] => 第20笔交易: 
2021-08-23 16:49:24,641 |     INFO | ethapi.py [line:51] => Transaction is N+1!
2021-08-23 16:49:24,655 |     INFO | main.py [line:68] => token1:{'0x9AC60b8B33092C2c0B4CA5Af0DEC2bcb84657E12', '0xC02aaA39b223FE8D0A0e5C4F27eAD9083C756Cc2', '0xD0660cD418a64a1d44E9214ad8e459324D8157f1'}
2021-08-23 16:49:24,655 |     INFO | main.py [line:69] => token2:{'0x0780B42B3c4cAF41933CFC0040d2853363De20A7', '0x0bc529c00C6401aEF6D220BE8C6Ea1667F6Ad93e', '0xD0660cD418a64a1d44E9214ad8e459324D8157f1', '0x2fDbAdf3C4D5A8666Bc06645B8358ab803996E28', '0x9AC60b8B33092C2c0B4CA5Af0DEC2bcb84657E12', '0xC02aaA39b223FE8D0A0e5C4F27eAD9083C756Cc2'}
2021-08-23 16:49:24,655 |     INFO | main.py [line:78] => Opponent!
2021-08-23 16:49:34,215 |     INFO | main.py [line:26] => 第21笔交易: 
2021-08-23 16:49:34,241 |     INFO | ethapi.py [line:44] => Transaction is not N+1 or N+2!
2021-08-23 16:49:34,246 |     INFO | main.py [line:26] => 第22笔交易: 
2021-08-23 16:49:34,260 |     INFO | ethapi.py [line:51] => Transaction is N+1!
2021-08-23 16:49:34,297 |     INFO | main.py [line:68] => token1:{'0xBBc2AE13b23d715c30720F079fcd9B4a74093505', '0x570fEbDf89C07f256C75686CaCa215289bB11CFc', '0x0d4a11d5EEaaC28EC3F61d100daF4d40471f1852', '0xC02aaA39b223FE8D0A0e5C4F27eAD9083C756Cc2', '0xdAC17F958D2ee523a2206206994597C13D831ec7'}
2021-08-23 16:49:34,297 |     INFO | main.py [line:69] => token2:{'0x269616D549D7e8Eaa82DFb17028d0B212D11232A'}
2021-08-23 16:49:34,298 |     INFO | main.py [line:74] => Not opponent!
2021-08-23 16:49:34,302 |     INFO | main.py [line:26] => 第23笔交易: 
2021-08-23 16:49:34,326 |     INFO | ethapi.py [line:51] => Transaction is N+1!
2021-08-23 16:49:34,371 |     INFO | main.py [line:68] => token1:{'0x9AC60b8B33092C2c0B4CA5Af0DEC2bcb84657E12', '0xC02aaA39b223FE8D0A0e5C4F27eAD9083C756Cc2', '0xD0660cD418a64a1d44E9214ad8e459324D8157f1'}
2021-08-23 16:49:34,371 |     INFO | main.py [line:69] => token2:{'0xD0660cD418a64a1d44E9214ad8e459324D8157f1', '0x0bc529c00C6401aEF6D220BE8C6Ea1667F6Ad93e', '0x2fDbAdf3C4D5A8666Bc06645B8358ab803996E28', '0x9AC60b8B33092C2c0B4CA5Af0DEC2bcb84657E12', '0xC02aaA39b223FE8D0A0e5C4F27eAD9083C756Cc2', '0x5d0cdB2dae4c13C569578e85d81fD2f41D82cD9f'}
2021-08-23 16:49:34,371 |     INFO | main.py [line:78] => Opponent!
2021-08-23 16:49:44,905 |     INFO | seleniumcraw.py [line:155] => Message: Unable to locate element: //*[@id="ContentPlaceHolder1_maintable"]/div[6]/div[2]/ul/li[1]/div

2021-08-23 16:49:45,397 |     INFO | main.py [line:26] => 第24笔交易: 
2021-08-23 16:49:45,416 |     INFO | ethapi.py [line:51] => Transaction is N+1!
2021-08-23 16:49:45,427 |     INFO | main.py [line:68] => token1:{'0x3432B6A60D23Ca0dFCa7761B7ab56459D9C964D0', '0xC02aaA39b223FE8D0A0e5C4F27eAD9083C756Cc2', '0xecBa967D84fCF0405F6b32Bc45F4d36BfDBB2E81'}
2021-08-23 16:49:45,427 |     INFO | main.py [line:69] => token2:{'0xD7EFB00d12C2c13131FD319336Fdf952525dA2af'}
2021-08-23 16:49:45,427 |     INFO | main.py [line:74] => Not opponent!
2021-08-23 16:49:45,432 |     INFO | main.py [line:26] => 第25笔交易: 
2021-08-23 16:49:45,450 |     INFO | ethapi.py [line:48] => Transaction is N+2!
2021-08-23 16:49:45,459 |     INFO | main.py [line:68] => token1:{'0x853d955aCEf822Db058eb8505911ED77F175b99e', '0x3432B6A60D23Ca0dFCa7761B7ab56459D9C964D0', '0xE1573B9D29e2183B1AF0e743Dc2754979A40D237'}
2021-08-23 16:49:45,459 |     INFO | main.py [line:69] => token2:{'0xdAC17F958D2ee523a2206206994597C13D831ec7'}
2021-08-23 16:49:45,459 |     INFO | main.py [line:74] => Not opponent!
2021-08-23 16:49:45,464 |     INFO | main.py [line:26] => 第26笔交易: 
2021-08-23 16:49:45,478 |     INFO | ethapi.py [line:48] => Transaction is N+2!
2021-08-23 16:49:45,491 |     INFO | main.py [line:68] => token1:{'0xB4e16d0168e52d35CaCD2c6185b44281Ec28C9Dc', '0x054D64b73d3D8A21Af3D764eFd76bCaA774f3Bb2', '0x6E8aBba440a58421f5eEC9892B19c1a72C55c992', '0xC02aaA39b223FE8D0A0e5C4F27eAD9083C756Cc2', '0xA0b86991c6218b36c1d19D4a2e9Eb0cE3606eB48'}
2021-08-23 16:49:45,491 |     INFO | main.py [line:69] => token2:{'0xC02aaA39b223FE8D0A0e5C4F27eAD9083C756Cc2', '0x84AE4AA9581e6b7F50f660C5B6970aef1eD82BE8', '0x6E8aBba440a58421f5eEC9892B19c1a72C55c992', '0x054D64b73d3D8A21Af3D764eFd76bCaA774f3Bb2'}
2021-08-23 16:49:45,491 |     INFO | main.py [line:78] => Opponent!
2021-08-23 16:49:56,028 |     INFO | seleniumcraw.py [line:155] => Message: Unable to locate element: //*[@id="ContentPlaceHolder1_maintable"]/div[6]/div[2]/ul/li[1]/div

2021-08-23 16:49:56,515 |     INFO | main.py [line:26] => 第27笔交易: 
2021-08-23 16:49:56,523 |     INFO | ethapi.py [line:74] => Transaction with hash: '0xe6dff5264a01cffbbab920d0e2a43e634838ffa2b63a9d00665707fce69f762b' not found.
2021-08-23 16:49:56,523 |     INFO | ethapi.py [line:76] => Transcation is not exist!
2021-08-23 16:49:56,527 |     INFO | main.py [line:26] => 第28笔交易: 
2021-08-23 16:49:56,559 |     INFO | ethapi.py [line:51] => Transaction is N+1!
2021-08-23 16:49:56,577 |     INFO | main.py [line:68] => token1:set()
2021-08-23 16:49:56,577 |     INFO | main.py [line:69] => token2:{'0xe1Fa4A1f92276e21d1A358a03900a21663bB6b4A'}
2021-08-23 16:49:56,577 |     INFO | main.py [line:74] => Not opponent!
2021-08-23 16:49:56,581 |     INFO | main.py [line:26] => 第29笔交易: 
2021-08-23 16:49:56,593 |     INFO | ethapi.py [line:51] => Transaction is N+1!
2021-08-23 16:49:56,616 |     INFO | main.py [line:68] => token1:set()
2021-08-23 16:49:56,616 |     INFO | main.py [line:69] => token2:set()
2021-08-23 16:49:56,616 |     INFO | main.py [line:74] => Not opponent!
2021-08-23 16:49:56,621 |     INFO | main.py [line:26] => 第30笔交易: 
2021-08-23 16:49:56,670 |     INFO | ethapi.py [line:48] => Transaction is N+2!
2021-08-23 16:49:56,689 |     INFO | main.py [line:68] => token1:{'0xC02aaA39b223FE8D0A0e5C4F27eAD9083C756Cc2', '0x27C70Cd1946795B66be9d954418546998b546634', '0x874376Be8231DAd99AABF9EF0767b3cc054c60eE'}
2021-08-23 16:49:56,689 |     INFO | main.py [line:69] => token2:{'0xEFb47fcFCaD4F96c83D4ca676842fB03Ef20a477', '0x27C70Cd1946795B66be9d954418546998b546634', '0xf6bAdfb9b0ab2F8F3FD8225Ef1eA12fA689aD1a7', '0x9813037ee2218799597d83D4a5B6F3b6778218d9', '0x874376Be8231DAd99AABF9EF0767b3cc054c60eE', '0xC02aaA39b223FE8D0A0e5C4F27eAD9083C756Cc2'}
2021-08-23 16:49:56,689 |     INFO | main.py [line:78] => Opponent!
2021-08-23 16:50:05,552 |     INFO | main.py [line:26] => 第31笔交易: 
2021-08-23 16:50:05,564 |     INFO | ethapi.py [line:51] => Transaction is N+1!
2021-08-23 16:50:05,576 |     INFO | main.py [line:68] => token1:{'0xdacD69347dE42baBfAEcD09dC88958378780FB62', '0xc4d9102e36c5063b98010A03C1F7C8bD44c32A00', '0xC02aaA39b223FE8D0A0e5C4F27eAD9083C756Cc2'}
2021-08-23 16:50:05,576 |     INFO | main.py [line:69] => token2:{'0xdAC17F958D2ee523a2206206994597C13D831ec7'}
2021-08-23 16:50:05,576 |     INFO | main.py [line:74] => Not opponent!
2021-08-23 16:50:05,580 |     INFO | main.py [line:26] => 第32笔交易: 
2021-08-23 16:50:05,598 |     INFO | ethapi.py [line:51] => Transaction is N+1!
2021-08-23 16:50:05,613 |     INFO | main.py [line:68] => token1:{'0xC02aaA39b223FE8D0A0e5C4F27eAD9083C756Cc2', '0x1C9922314ED1415c95b9FD453c3818fd41867d0B', '0x4E9e73C0170f09e709573127c4AB02e57b868178'}
2021-08-23 16:50:05,613 |     INFO | main.py [line:69] => token2:{'0x557B933a7C2c45672B610F8954A3deB39a51A8Ca', '0x724d5c9c618A2152e99a45649a3B8cf198321f46', '0x1C9922314ED1415c95b9FD453c3818fd41867d0B', '0x4E9e73C0170f09e709573127c4AB02e57b868178', '0xC02aaA39b223FE8D0A0e5C4F27eAD9083C756Cc2', '0xFe7444F63E0010A7208529608eb173760629483B'}
2021-08-23 16:50:05,613 |     INFO | main.py [line:78] => Opponent!
2021-08-23 16:50:14,943 |     INFO | main.py [line:26] => 第33笔交易: 
2021-08-23 16:50:14,957 |     INFO | ethapi.py [line:51] => Transaction is N+1!
2021-08-23 16:50:14,975 |     INFO | main.py [line:68] => token1:{'0xC02aaA39b223FE8D0A0e5C4F27eAD9083C756Cc2', '0x1C9922314ED1415c95b9FD453c3818fd41867d0B', '0x4E9e73C0170f09e709573127c4AB02e57b868178'}
2021-08-23 16:50:14,975 |     INFO | main.py [line:69] => token2:{'0x88e6A0c2dDD26FEEb64F039a2c41296FcB3f5640', '0xb473c2606F7AC371518B13d2d097C34C38ca33d5', '0x1C9922314ED1415c95b9FD453c3818fd41867d0B', '0x4E9e73C0170f09e709573127c4AB02e57b868178', '0xC02aaA39b223FE8D0A0e5C4F27eAD9083C756Cc2', '0xA0b86991c6218b36c1d19D4a2e9Eb0cE3606eB48'}
2021-08-23 16:50:14,975 |     INFO | main.py [line:78] => Opponent!
2021-08-23 16:50:25,331 |     INFO | seleniumcraw.py [line:155] => Message: Unable to locate element: //*[@id="ContentPlaceHolder1_maintable"]/div[6]/div[2]/ul/li[1]/div

2021-08-23 16:50:25,808 |     INFO | main.py [line:26] => 第34笔交易: 
2021-08-23 16:50:25,827 |     INFO | ethapi.py [line:48] => Transaction is N+2!
2021-08-23 16:50:25,841 |     INFO | main.py [line:68] => token1:{'0xEB58343b36C7528F23CAAe63a150240241310049', '0xF1d8258e9cA9437F24B5E46c017a45Ed972896bA', '0xC02aaA39b223FE8D0A0e5C4F27eAD9083C756Cc2'}
2021-08-23 16:50:25,841 |     INFO | main.py [line:69] => token2:{'0x00f5E5B8cBB3C91a82Fe82EB5FBB023543723093', '0xDb4A372C113df57e8B15c9f67BC7c74bF887644e', '0xEB58343b36C7528F23CAAe63a150240241310049', '0xF1d8258e9cA9437F24B5E46c017a45Ed972896bA', '0x639ae8F3EEd18690bF451229d14953a5A5627b72', '0xC02aaA39b223FE8D0A0e5C4F27eAD9083C756Cc2'}
2021-08-23 16:50:25,841 |     INFO | main.py [line:78] => Opponent!
2021-08-23 16:50:36,125 |     INFO | seleniumcraw.py [line:155] => Message: Unable to locate element: //*[@id="ContentPlaceHolder1_maintable"]/div[6]/div[2]/ul/li[1]/div

2021-08-23 16:50:36,598 |     INFO | main.py [line:26] => 第35笔交易: 
2021-08-23 16:50:36,615 |     INFO | ethapi.py [line:51] => Transaction is N+1!
2021-08-23 16:50:36,631 |     INFO | main.py [line:68] => token1:{'0xe3A4F7959F4e4AaC08AE3029D3A707ef4Ec6Da95', '0x11b815efB8f581194ae79006d24E0d814B7697F6', '0x1C9922314ED1415c95b9FD453c3818fd41867d0B', '0x11111112542D85B3EF69AE05771c2dCCff4fAa26', '0xC02aaA39b223FE8D0A0e5C4F27eAD9083C756Cc2', '0xdBaa04796CB5C05D02B8A41B702d9b67c13c9fa9', '0xdAC17F958D2ee523a2206206994597C13D831ec7'}
2021-08-23 16:50:36,631 |     INFO | main.py [line:69] => token2:{'0xb8a52f6403FB94DC8325511D8BdFc7c77C0Fc3b8', '0x1C9922314ED1415c95b9FD453c3818fd41867d0B', '0x5B781915b6b610A1aba8135Ad5df084FFe528DA4', '0xe53EC727dbDEB9E2d5456c3be40cFF031AB40A55', '0xC02aaA39b223FE8D0A0e5C4F27eAD9083C756Cc2', '0xdBaa04796CB5C05D02B8A41B702d9b67c13c9fa9'}
2021-08-23 16:50:36,631 |     INFO | main.py [line:78] => Opponent!
2021-08-23 16:50:47,029 |     INFO | seleniumcraw.py [line:155] => Message: Unable to locate element: //*[@id="ContentPlaceHolder1_maintable"]/div[6]/div[2]/ul/li[1]/div

2021-08-23 16:50:47,528 |     INFO | main.py [line:26] => 第36笔交易: 
2021-08-23 16:50:47,602 |     INFO | ethapi.py [line:51] => Transaction is N+1!
2021-08-23 16:50:47,626 |     INFO | main.py [line:68] => token1:{'0x88e6A0c2dDD26FEEb64F039a2c41296FcB3f5640', '0xe3A4F7959F4e4AaC08AE3029D3A707ef4Ec6Da95', '0x1C9922314ED1415c95b9FD453c3818fd41867d0B', '0x11111112542D85B3EF69AE05771c2dCCff4fAa26', '0x4E9e73C0170f09e709573127c4AB02e57b868178', '0xC02aaA39b223FE8D0A0e5C4F27eAD9083C756Cc2', '0xdBaa04796CB5C05D02B8A41B702d9b67c13c9fa9', '0xA0b86991c6218b36c1d19D4a2e9Eb0cE3606eB48'}
2021-08-23 16:50:47,626 |     INFO | main.py [line:69] => token2:{'0x557B933a7C2c45672B610F8954A3deB39a51A8Ca', '0x724d5c9c618A2152e99a45649a3B8cf198321f46', '0x1C9922314ED1415c95b9FD453c3818fd41867d0B', '0xFe7444F63E0010A7208529608eb173760629483B', '0xC02aaA39b223FE8D0A0e5C4F27eAD9083C756Cc2', '0xdBaa04796CB5C05D02B8A41B702d9b67c13c9fa9'}
2021-08-23 16:50:47,626 |     INFO | main.py [line:78] => Opponent!
2021-08-23 16:50:58,131 |     INFO | seleniumcraw.py [line:155] => Message: Unable to locate element: //*[@id="ContentPlaceHolder1_maintable"]/div[6]/div[2]/ul/li[1]/div

2021-08-23 16:50:58,627 |     INFO | main.py [line:26] => 第37笔交易: 
2021-08-23 16:50:58,673 |     INFO | ethapi.py [line:51] => Transaction is N+1!
2021-08-23 16:50:58,724 |     INFO | main.py [line:68] => token1:{'0x88e6A0c2dDD26FEEb64F039a2c41296FcB3f5640', '0xe3A4F7959F4e4AaC08AE3029D3A707ef4Ec6Da95', '0x1C9922314ED1415c95b9FD453c3818fd41867d0B', '0x11111112542D85B3EF69AE05771c2dCCff4fAa26', '0x4E9e73C0170f09e709573127c4AB02e57b868178', '0xC02aaA39b223FE8D0A0e5C4F27eAD9083C756Cc2', '0xdBaa04796CB5C05D02B8A41B702d9b67c13c9fa9', '0xA0b86991c6218b36c1d19D4a2e9Eb0cE3606eB48'}
2021-08-23 16:50:58,724 |     INFO | main.py [line:69] => token2:{'0x557B933a7C2c45672B610F8954A3deB39a51A8Ca', '0x724d5c9c618A2152e99a45649a3B8cf198321f46', '0x1C9922314ED1415c95b9FD453c3818fd41867d0B', '0xFe7444F63E0010A7208529608eb173760629483B', '0xC02aaA39b223FE8D0A0e5C4F27eAD9083C756Cc2', '0xdBaa04796CB5C05D02B8A41B702d9b67c13c9fa9'}
2021-08-23 16:50:58,724 |     INFO | main.py [line:78] => Opponent!
2021-08-23 16:51:09,150 |     INFO | seleniumcraw.py [line:155] => Message: Unable to locate element: //*[@id="ContentPlaceHolder1_maintable"]/div[6]/div[2]/ul/li[1]/div

2021-08-23 16:51:09,647 |     INFO | main.py [line:26] => 第38笔交易: 
2021-08-23 16:51:09,661 |     INFO | ethapi.py [line:51] => Transaction is N+1!
2021-08-23 16:51:09,686 |     INFO | main.py [line:68] => token1:{'0x724d5c9c618A2152e99a45649a3B8cf198321f46', '0xC02aaA39b223FE8D0A0e5C4F27eAD9083C756Cc2', '0x557B933a7C2c45672B610F8954A3deB39a51A8Ca'}
2021-08-23 16:51:09,687 |     INFO | main.py [line:69] => token2:{'0x557B933a7C2c45672B610F8954A3deB39a51A8Ca', '0x724d5c9c618A2152e99a45649a3B8cf198321f46', '0x5D95bB70E1d8B7fABC286BBC163642B3c39097a7', '0x3dd49f67E9d5Bc4C5E6634b3F70BfD9dc1b6BD74', '0xC02aaA39b223FE8D0A0e5C4F27eAD9083C756Cc2', '0x3845badAde8e6dFF049820680d1F14bD3903a5d0'}
2021-08-23 16:51:09,687 |     INFO | main.py [line:78] => Opponent!
2021-08-23 16:51:21,170 |     INFO | seleniumcraw.py [line:155] => Message: Unable to locate element: //*[@id="ContentPlaceHolder1_maintable"]/div[6]/div[2]/ul/li[1]/div

2021-08-23 16:51:21,663 |     INFO | main.py [line:26] => 第39笔交易: 
2021-08-23 16:51:21,681 |     INFO | ethapi.py [line:51] => Transaction is N+1!
2021-08-23 16:51:21,697 |     INFO | main.py [line:68] => token1:{'0xC02aaA39b223FE8D0A0e5C4F27eAD9083C756Cc2', '0x27C70Cd1946795B66be9d954418546998b546634', '0x874376Be8231DAd99AABF9EF0767b3cc054c60eE'}
2021-08-23 16:51:21,697 |     INFO | main.py [line:69] => token2:{'0xfF20817765cB7f73d4bde2e66e067E58D11095C2'}
2021-08-23 16:51:21,698 |     INFO | main.py [line:74] => Not opponent!
2021-08-23 16:51:21,701 |     INFO | main.py [line:26] => 第40笔交易: 
2021-08-23 16:51:21,719 |     INFO | ethapi.py [line:51] => Transaction is N+1!
2021-08-23 16:51:21,730 |     INFO | main.py [line:68] => token1:{'0x00a8b738E453fFd858a7edf03bcCfe20412f0Eb0', '0x3041CbD36888bECc7bbCBc0045E3B1f144466f5f', '0x1cD926f3E12f7b6C2833FbE7277ac53d529A794E', '0xdAC17F958D2ee523a2206206994597C13D831ec7', '0xA0b86991c6218b36c1d19D4a2e9Eb0cE3606eB48'}
2021-08-23 16:51:21,730 |     INFO | main.py [line:69] => token2:set()
2021-08-23 16:51:21,730 |     INFO | main.py [line:74] => Not opponent!
2021-08-23 16:51:21,735 |     INFO | main.py [line:26] => 第41笔交易: 
2021-08-23 16:51:21,757 |     INFO | ethapi.py [line:51] => Transaction is N+1!
2021-08-23 16:51:21,796 |     INFO | main.py [line:68] => token1:{'0xC02aaA39b223FE8D0A0e5C4F27eAD9083C756Cc2', '0xD9016A907Dc0ECfA3ca425ab20B6b785B42F2373', '0x4c083084C9D50334b343C44Ec97d16011303Cc73'}
2021-08-23 16:51:21,797 |     INFO | main.py [line:69] => token2:{'0x557B933a7C2c45672B610F8954A3deB39a51A8Ca', '0x724d5c9c618A2152e99a45649a3B8cf198321f46', '0xA23e1F551cfeAc9ff762D351010136fAfC3008e9', '0x4c083084C9D50334b343C44Ec97d16011303Cc73', '0xC02aaA39b223FE8D0A0e5C4F27eAD9083C756Cc2', '0xD9016A907Dc0ECfA3ca425ab20B6b785B42F2373'}
2021-08-23 16:51:21,797 |     INFO | main.py [line:78] => Opponent!
2021-08-23 16:51:32,194 |     INFO | main.py [line:26] => 第42笔交易: 
2021-08-23 16:51:32,214 |     INFO | ethapi.py [line:51] => Transaction is N+1!
2021-08-23 16:51:32,229 |     INFO | main.py [line:68] => token1:{'0xC02aaA39b223FE8D0A0e5C4F27eAD9083C756Cc2', '0xD9016A907Dc0ECfA3ca425ab20B6b785B42F2373', '0x4c083084C9D50334b343C44Ec97d16011303Cc73'}
2021-08-23 16:51:32,229 |     INFO | main.py [line:69] => token2:{'0xb8a52f6403FB94DC8325511D8BdFc7c77C0Fc3b8', '0x25647E01Bd0967C1B9599FA3521939871D1d0888', '0x1C9922314ED1415c95b9FD453c3818fd41867d0B', '0xceC75069A92a95dfC53a517f52a9347007a8Cc6E', '0x4c083084C9D50334b343C44Ec97d16011303Cc73', '0xe53EC727dbDEB9E2d5456c3be40cFF031AB40A55', '0xC02aaA39b223FE8D0A0e5C4F27eAD9083C756Cc2', '0xD9016A907Dc0ECfA3ca425ab20B6b785B42F2373'}
2021-08-23 16:51:32,229 |     INFO | main.py [line:78] => Opponent!
2021-08-23 16:51:42,575 |     INFO | seleniumcraw.py [line:155] => Message: Unable to locate element: //*[@id="ContentPlaceHolder1_maintable"]/div[6]/div[2]/ul/li[1]/div

2021-08-23 16:51:43,071 |     INFO | main.py [line:26] => 第43笔交易: 
2021-08-23 16:51:43,094 |     INFO | ethapi.py [line:51] => Transaction is N+1!
2021-08-23 16:51:43,114 |     INFO | main.py [line:68] => token1:{'0xD2dDa223b2617cB616c1580db421e4cFAe6a8a85', '0xC02aaA39b223FE8D0A0e5C4F27eAD9083C756Cc2', '0x9dc696f1067a6B9929986283f6D316Be9C9198Fd'}
2021-08-23 16:51:43,115 |     INFO | main.py [line:69] => token2:set()
2021-08-23 16:51:43,115 |     INFO | main.py [line:74] => Not opponent!
2021-08-23 16:51:43,119 |     INFO | main.py [line:26] => 第44笔交易: 
2021-08-23 16:51:43,139 |     INFO | ethapi.py [line:51] => Transaction is N+1!
2021-08-23 16:51:43,157 |     INFO | main.py [line:68] => token1:{'0xB4e16d0168e52d35CaCD2c6185b44281Ec28C9Dc', '0x187Eff9690E1F1A61d578C7c492296eaAB82701a', '0xCa7d3e930932a6Cb26ae4E06c18b2ad09a43bB90', '0xC02aaA39b223FE8D0A0e5C4F27eAD9083C756Cc2', '0xA0b86991c6218b36c1d19D4a2e9Eb0cE3606eB48'}
2021-08-23 16:51:43,157 |     INFO | main.py [line:69] => token2:{'0x187Eff9690E1F1A61d578C7c492296eaAB82701a', '0x7F1dA3697236D4A5E0efd2A99DE5d9C076937856', '0x226f7b842E0F0120b7E194D05432b3fd14773a9D', '0xCa7d3e930932a6Cb26ae4E06c18b2ad09a43bB90', '0xC02aaA39b223FE8D0A0e5C4F27eAD9083C756Cc2', '0xc0359b47b4249C91Cf038EFC8c61Ef2510400145'}
2021-08-23 16:51:43,157 |     INFO | main.py [line:78] => Opponent!
2021-08-23 16:51:52,258 |     INFO | main.py [line:26] => 第45笔交易: 
2021-08-23 16:51:52,282 |     INFO | ethapi.py [line:51] => Transaction is N+1!
2021-08-23 16:51:52,525 |     INFO | main.py [line:68] => token1:{'0x6270cB9b6730fDf96fc3040Af72b4bcEcbbd6679', '0x82bd290afa5cC1b75F46822fEC415E2be51D7D46', '0xC02aaA39b223FE8D0A0e5C4F27eAD9083C756Cc2'}
2021-08-23 16:51:52,525 |     INFO | main.py [line:69] => token2:{'0x811beEd0119b4AfCE20D2583EB608C6F7AF1954f', '0xD96e6B7CA1a9585ee97Df92271556baA5545F53e', '0x6270cB9b6730fDf96fc3040Af72b4bcEcbbd6679', '0x82bd290afa5cC1b75F46822fEC415E2be51D7D46', '0x95aD61b0a150d79219dCF64E1E6Cc01f0B64C4cE', '0xC02aaA39b223FE8D0A0e5C4F27eAD9083C756Cc2'}
2021-08-23 16:51:52,526 |     INFO | main.py [line:78] => Opponent!
2021-08-23 16:52:04,365 |     INFO | seleniumcraw.py [line:155] => Message: Unable to locate element: //*[@id="ContentPlaceHolder1_maintable"]/div[6]/div[2]/ul/li[1]/div

2021-08-23 16:52:04,843 |     INFO | main.py [line:26] => 第46笔交易: 
2021-08-23 16:52:04,856 |     INFO | ethapi.py [line:48] => Transaction is N+2!
2021-08-23 16:52:04,869 |     INFO | main.py [line:68] => token1:{'0xC02aaA39b223FE8D0A0e5C4F27eAD9083C756Cc2', '0xE5c5227d8105D8D5f26Ff3634Eb52e2d7CC15B50', '0x00a8b738E453fFd858a7edf03bcCfe20412f0Eb0'}
2021-08-23 16:52:04,869 |     INFO | main.py [line:69] => token2:{'0x00a8b738E453fFd858a7edf03bcCfe20412f0Eb0', '0x18A5c094d811e1eF9116FA0BBc5Cd23A70cfcDDD', '0xE5c5227d8105D8D5f26Ff3634Eb52e2d7CC15B50', '0x967da4048cD07aB37855c090aAF366e4ce1b9F48', '0x9b7DaD79FC16106b47a3DAb791F389C167e15Eb0', '0xC02aaA39b223FE8D0A0e5C4F27eAD9083C756Cc2'}
2021-08-23 16:52:04,869 |     INFO | main.py [line:78] => Opponent!
2021-08-23 16:52:15,185 |     INFO | seleniumcraw.py [line:155] => Message: Unable to locate element: //*[@id="ContentPlaceHolder1_maintable"]/div[6]/div[2]/ul/li[1]/div

2021-08-23 16:52:15,680 |     INFO | main.py [line:26] => 第47笔交易: 
2021-08-23 16:52:15,712 |     INFO | ethapi.py [line:51] => Transaction is N+1!
2021-08-23 16:52:15,788 |     INFO | main.py [line:68] => token1:{'0xa47c8bf37f92aBed4A126BDA807A7b7498661acD', '0xc50Ef7861153C51D383d9a7d48e6C9467fB90c38', '0x0d4a11d5EEaaC28EC3F61d100daF4d40471f1852', '0xC02aaA39b223FE8D0A0e5C4F27eAD9083C756Cc2', '0xdAC17F958D2ee523a2206206994597C13D831ec7'}
2021-08-23 16:52:15,788 |     INFO | main.py [line:69] => token2:{'0xC02aaA39b223FE8D0A0e5C4F27eAD9083C756Cc2', '0xfFffFffF2ba8F66D4e51811C5190992176930278', '0x040bEf6A2984Ba28D8AF8A24dDb51D61fbF08A81'}
2021-08-23 16:52:15,788 |     INFO | main.py [line:78] => Opponent!
2021-08-23 16:52:25,129 |     INFO | main.py [line:26] => 第48笔交易: 
2021-08-23 16:52:25,158 |     INFO | ethapi.py [line:48] => Transaction is N+2!
2021-08-23 16:52:25,178 |     INFO | main.py [line:68] => token1:{'0x09ce2B746C32528B7d864A1e3979Bd97d2f095AB', '0xd372a3221021Df72eDa38f77117d3A95f057e163', '0xdAC17F958D2ee523a2206206994597C13D831ec7'}
2021-08-23 16:52:25,178 |     INFO | main.py [line:69] => token2:{'0x7D0e63736aEb136aCd44C70D6e1A0f27fb897679'}
2021-08-23 16:52:25,178 |     INFO | main.py [line:74] => Not opponent!
2021-08-23 16:52:25,183 |     INFO | main.py [line:26] => 第49笔交易: 
2021-08-23 16:52:25,267 |     INFO | ethapi.py [line:51] => Transaction is N+1!
2021-08-23 16:52:25,303 |     INFO | main.py [line:68] => token1:{'0xB4e16d0168e52d35CaCD2c6185b44281Ec28C9Dc', '0x88e6A0c2dDD26FEEb64F039a2c41296FcB3f5640', '0xa20AD630cee74bc834aA9b8fcb432C5c02710479', '0x557B933a7C2c45672B610F8954A3deB39a51A8Ca', '0x724d5c9c618A2152e99a45649a3B8cf198321f46', '0x3125e45D5665E98a08388A7Df051a728B647eaaE', '0xDef1C0ded9bec7F1a1670819833240f027b25EfF', '0x881D40237659C251811CEC9c364ef91dC08D300C', '0xacbf3c973eEEC20C573ec930Ce31198afB4aD0d5', '0xc926990039045611eb1DE520C1E249Fd0d20a8eA', '0x22F9dCF4647084d6C31b2765F6910cd85C178C18', '0xC02aaA39b223FE8D0A0e5C4F27eAD9083C756Cc2', '0xA0b86991c6218b36c1d19D4a2e9Eb0cE3606eB48'}
2021-08-23 16:52:25,304 |     INFO | main.py [line:69] => token2:{'0xa20AD630cee74bc834aA9b8fcb432C5c02710479', '0x557B933a7C2c45672B610F8954A3deB39a51A8Ca', '0x5D95bB70E1d8B7fABC286BBC163642B3c39097a7', '0x3dd49f67E9d5Bc4C5E6634b3F70BfD9dc1b6BD74', '0xC02aaA39b223FE8D0A0e5C4F27eAD9083C756Cc2', '0x3845badAde8e6dFF049820680d1F14bD3903a5d0'}
2021-08-23 16:52:25,304 |     INFO | main.py [line:78] => Opponent!
2021-08-23 16:52:38,540 |     INFO | seleniumcraw.py [line:155] => Message: Unable to locate element: //*[@id="ContentPlaceHolder1_maintable"]/div[6]/div[2]/ul/li[1]/div

