1629708438973	geckodriver	INFO	Listening on 127.0.0.1:9620
1629708442019	mozrunner::runner	INFO	Running command: "D:\\Firefox\\firefox.exe" "--marionette" "-foreground" "-no-remote" "-profile" "C:\\Users\\16250\\AppData\\Local\\Temp\\rust_mozprofilelHRRpw"
1629708442552	Marionette	INFO	Marionette enabled
console.warn: SearchSettings: "get: No settings file exists, new profile?" (new NotFoundError("Could not open the file at C:\\Users\\16250\\AppData\\Local\\Temp\\rust_mozprofilelHRRpw\\search.json.mozlz4", (void 0)))
1629708444910	Marionette	INFO	Listening on port 9629
1629708445186	RemoteAgent	WARN	TLS certificate errors will be ignored for this session
1629708456206	Marionette	INFO	Stopped listening on port 9629
JavaScript error: resource:///modules/Interactions.jsm, line 209: NS_ERROR_FAILURE: Component returned failure code: 0x80004005 (NS_ERROR_FAILURE) [nsIUserIdleService.removeIdleObserver]

###!!! [Parent][RunMessage] Error: Channel closing: too late to send/recv, messages will be lost

1629708456868	geckodriver	INFO	Listening on 127.0.0.1:9713
1629708459909	mozrunner::runner	INFO	Running command: "D:\\Firefox\\firefox.exe" "--marionette" "-foreground" "-no-remote" "-profile" "C:\\Users\\16250\\AppData\\Local\\Temp\\rust_mozprofile1SGNWE"
1629708460383	Marionette	INFO	Marionette enabled
console.warn: SearchSettings: "get: No settings file exists, new profile?" (new NotFoundError("Could not open the file at C:\\Users\\16250\\AppData\\Local\\Temp\\rust_mozprofile1SGNWE\\search.json.mozlz4", (void 0)))
1629708462618	Marionette	INFO	Listening on port 9723
1629708463091	RemoteAgent	WARN	TLS certificate errors will be ignored for this session
1629708480460	Marionette	INFO	Stopped listening on port 9723
JavaScript error: resource:///modules/Interactions.jsm, line 209: NS_ERROR_FAILURE: Component returned failure code: 0x80004005 (NS_ERROR_FAILURE) [nsIUserIdleService.removeIdleObserver]

###!!! [Parent][RunMessage] Error: Channel closing: too late to send/recv, messages will be lost

1629708481012	geckodriver	INFO	Listening on 127.0.0.1:9820
1629708484049	mozrunner::runner	INFO	Running command: "D:\\Firefox\\firefox.exe" "--marionette" "-foreground" "-no-remote" "-profile" "C:\\Users\\16250\\AppData\\Local\\Temp\\rust_mozprofileTHjlm5"
1629708484529	Marionette	INFO	Marionette enabled
console.warn: SearchSettings: "get: No settings file exists, new profile?" (new NotFoundError("Could not open the file at C:\\Users\\16250\\AppData\\Local\\Temp\\rust_mozprofileTHjlm5\\search.json.mozlz4", (void 0)))
1629708486797	Marionette	INFO	Listening on port 9830
1629708487246	RemoteAgent	WARN	TLS certificate errors will be ignored for this session
1629708499458	Marionette	INFO	Stopped listening on port 9830
JavaScript error: resource:///modules/Interactions.jsm, line 209: NS_ERROR_FAILURE: Component returned failure code: 0x80004005 (NS_ERROR_FAILURE) [nsIUserIdleService.removeIdleObserver]

###!!! [Parent][RunMessage] Error: Channel closing: too late to send/recv, messages will be lost

1629708500139	geckodriver	INFO	Listening on 127.0.0.1:9910
1629708503160	mozrunner::runner	INFO	Running command: "D:\\Firefox\\firefox.exe" "--marionette" "-foreground" "-no-remote" "-profile" "C:\\Users\\16250\\AppData\\Local\\Temp\\rust_mozprofilejyN0Yn"
1629708503639	Marionette	INFO	Marionette enabled
console.warn: SearchSettings: "get: No settings file exists, new profile?" (new NotFoundError("Could not open the file at C:\\Users\\16250\\AppData\\Local\\Temp\\rust_mozprofilejyN0Yn\\search.json.mozlz4", (void 0)))
1629708506039	Marionette	INFO	Listening on port 9931
1629708506333	RemoteAgent	WARN	TLS certificate errors will be ignored for this session
1629708530470	Marionette	INFO	Stopped listening on port 9931
JavaScript error: resource:///modules/Interactions.jsm, line 209: NS_ERROR_FAILURE: Component returned failure code: 0x80004005 (NS_ERROR_FAILURE) [nsIUserIdleService.removeIdleObserver]

###!!! [Parent][RunMessage] Error: Channel closing: too late to send/recv, messages will be lost

1629708531055	geckodriver	INFO	Listening on 127.0.0.1:10106
1629708534082	mozrunner::runner	INFO	Running command: "D:\\Firefox\\firefox.exe" "--marionette" "-foreground" "-no-remote" "-profile" "C:\\Users\\16250\\AppData\\Local\\Temp\\rust_mozprofileaXFw5U"
1629708534575	Marionette	INFO	Marionette enabled
console.warn: SearchSettings: "get: No settings file exists, new profile?" (new NotFoundError("Could not open the file at C:\\Users\\16250\\AppData\\Local\\Temp\\rust_mozprofileaXFw5U\\search.json.mozlz4", (void 0)))
1629708536967	Marionette	INFO	Listening on port 10115
1629708537282	RemoteAgent	WARN	TLS certificate errors will be ignored for this session
1629708541405	Marionette	INFO	Stopped listening on port 10115
JavaScript error: resource:///modules/Interactions.jsm, line 209: NS_ERROR_FAILURE: Component returned failure code: 0x80004005 (NS_ERROR_FAILURE) [nsIUserIdleService.removeIdleObserver]

###!!! [Parent][RunMessage] Error: Channel closing: too late to send/recv, messages will be lost

1629708542014	geckodriver	INFO	Listening on 127.0.0.1:9089
1629708545048	mozrunner::runner	INFO	Running command: "D:\\Firefox\\firefox.exe" "--marionette" "-foreground" "-no-remote" "-profile" "C:\\Users\\16250\\AppData\\Local\\Temp\\rust_mozprofileXEJFm2"
1629708545516	Marionette	INFO	Marionette enabled
console.warn: SearchSettings: "get: No settings file exists, new profile?" (new NotFoundError("Could not open the file at C:\\Users\\16250\\AppData\\Local\\Temp\\rust_mozprofileXEJFm2\\search.json.mozlz4", (void 0)))
1629708547861	Marionette	INFO	Listening on port 9098
1629708548229	RemoteAgent	WARN	TLS certificate errors will be ignored for this session
1629708551832	Marionette	INFO	Stopped listening on port 9098
JavaScript error: resource:///modules/Interactions.jsm, line 209: NS_ERROR_FAILURE: Component returned failure code: 0x80004005 (NS_ERROR_FAILURE) [nsIUserIdleService.removeIdleObserver]
1629708552371	geckodriver	INFO	Listening on 127.0.0.1:9164
1629708555422	mozrunner::runner	INFO	Running command: "D:\\Firefox\\firefox.exe" "--marionette" "-foreground" "-no-remote" "-profile" "C:\\Users\\16250\\AppData\\Local\\Temp\\rust_mozprofilevPyND6"
1629708555894	Marionette	INFO	Marionette enabled
console.warn: SearchSettings: "get: No settings file exists, new profile?" (new NotFoundError("Could not open the file at C:\\Users\\16250\\AppData\\Local\\Temp\\rust_mozprofilevPyND6\\search.json.mozlz4", (void 0)))
1629708558220	Marionette	INFO	Listening on port 9173
1629708558605	RemoteAgent	WARN	TLS certificate errors will be ignored for this session
1629708564052	Marionette	INFO	Stopped listening on port 9173
JavaScript error: resource:///modules/Interactions.jsm, line 209: NS_ERROR_FAILURE: Component returned failure code: 0x80004005 (NS_ERROR_FAILURE) [nsIUserIdleService.removeIdleObserver]

###!!! [Parent][RunMessage] Error: Channel closing: too late to send/recv, messages will be lost

1629708564699	geckodriver	INFO	Listening on 127.0.0.1:9248
1629708567745	mozrunner::runner	INFO	Running command: "D:\\Firefox\\firefox.exe" "--marionette" "-foreground" "-no-remote" "-profile" "C:\\Users\\16250\\AppData\\Local\\Temp\\rust_mozprofileNFW3yT"
1629708568226	Marionette	INFO	Marionette enabled
console.warn: SearchSettings: "get: No settings file exists, new profile?" (new NotFoundError("Could not open the file at C:\\Users\\16250\\AppData\\Local\\Temp\\rust_mozprofileNFW3yT\\search.json.mozlz4", (void 0)))
1629708570647	Marionette	INFO	Listening on port 9257
1629708570915	RemoteAgent	WARN	TLS certificate errors will be ignored for this session
1629708573723	Marionette	INFO	Stopped listening on port 9257
JavaScript error: resource:///modules/Interactions.jsm, line 209: NS_ERROR_FAILURE: Component returned failure code: 0x80004005 (NS_ERROR_FAILURE) [nsIUserIdleService.removeIdleObserver]

###!!! [Parent][RunMessage] Error: Channel closing: too late to send/recv, messages will be lost

1629708574416	geckodriver	INFO	Listening on 127.0.0.1:9322
1629708577450	mozrunner::runner	INFO	Running command: "D:\\Firefox\\firefox.exe" "--marionette" "-foreground" "-no-remote" "-profile" "C:\\Users\\16250\\AppData\\Local\\Temp\\rust_mozprofilesAoHPZ"
1629708577924	Marionette	INFO	Marionette enabled
console.warn: SearchSettings: "get: No settings file exists, new profile?" (new NotFoundError("Could not open the file at C:\\Users\\16250\\AppData\\Local\\Temp\\rust_mozprofilesAoHPZ\\search.json.mozlz4", (void 0)))
1629708580188	Marionette	INFO	Listening on port 9331
1629708580635	RemoteAgent	WARN	TLS certificate errors will be ignored for this session
1629708584907	Marionette	INFO	Stopped listening on port 9331
JavaScript error: resource:///modules/Interactions.jsm, line 209: NS_ERROR_FAILURE: Component returned failure code: 0x80004005 (NS_ERROR_FAILURE) [nsIUserIdleService.removeIdleObserver]

###!!! [Parent][RunMessage] Error: Channel closing: too late to send/recv, messages will be lost

1629708585520	geckodriver	INFO	Listening on 127.0.0.1:9402
1629708588566	mozrunner::runner	INFO	Running command: "D:\\Firefox\\firefox.exe" "--marionette" "-foreground" "-no-remote" "-profile" "C:\\Users\\16250\\AppData\\Local\\Temp\\rust_mozprofileVSh5bo"
1629708589028	Marionette	INFO	Marionette enabled
console.warn: SearchSettings: "get: No settings file exists, new profile?" (new NotFoundError("Could not open the file at C:\\Users\\16250\\AppData\\Local\\Temp\\rust_mozprofileVSh5bo\\search.json.mozlz4", (void 0)))
1629708591372	Marionette	INFO	Listening on port 8368
1629708591770	RemoteAgent	WARN	TLS certificate errors will be ignored for this session
1629708596030	Marionette	INFO	Stopped listening on port 8368
JavaScript error: resource:///modules/Interactions.jsm, line 209: NS_ERROR_FAILURE: Component returned failure code: 0x80004005 (NS_ERROR_FAILURE) [nsIUserIdleService.removeIdleObserver]

###!!! [Parent][RunMessage] Error: Channel closing: too late to send/recv, messages will be lost

1629708596730	geckodriver	INFO	Listening on 127.0.0.1:8440
1629708599771	mozrunner::runner	INFO	Running command: "D:\\Firefox\\firefox.exe" "--marionette" "-foreground" "-no-remote" "-profile" "C:\\Users\\16250\\AppData\\Local\\Temp\\rust_mozprofileuy40ze"
1629708600241	Marionette	INFO	Marionette enabled
console.warn: SearchSettings: "get: No settings file exists, new profile?" (new NotFoundError("Could not open the file at C:\\Users\\16250\\AppData\\Local\\Temp\\rust_mozprofileuy40ze\\search.json.mozlz4", (void 0)))
1629708602386	Marionette	INFO	Listening on port 8450
1629708602436	RemoteAgent	WARN	TLS certificate errors will be ignored for this session
1629708605060	Marionette	INFO	Stopped listening on port 8450
JavaScript error: resource:///modules/Interactions.jsm, line 209: NS_ERROR_FAILURE: Component returned failure code: 0x80004005 (NS_ERROR_FAILURE) [nsIUserIdleService.removeIdleObserver]
[Parent 33652, IPC I/O Parent] WARNING: file /builds/worker/checkouts/gecko/ipc/chromium/src/base/process_util_win.cc:167

###!!! [Parent][RunMessage] Error: Channel closing: too late to send/recv, messages will be lost

1629708605656	geckodriver	INFO	Listening on 127.0.0.1:8509
1629708608695	mozrunner::runner	INFO	Running command: "D:\\Firefox\\firefox.exe" "--marionette" "-foreground" "-no-remote" "-profile" "C:\\Users\\16250\\AppData\\Local\\Temp\\rust_mozprofilezoI2jX"
1629708609166	Marionette	INFO	Marionette enabled
console.warn: SearchSettings: "get: No settings file exists, new profile?" (new NotFoundError("Could not open the file at C:\\Users\\16250\\AppData\\Local\\Temp\\rust_mozprofilezoI2jX\\search.json.mozlz4", (void 0)))
1629708611516	Marionette	INFO	Listening on port 7985
1629708611871	RemoteAgent	WARN	TLS certificate errors will be ignored for this session
1629708614460	Marionette	INFO	Stopped listening on port 7985
JavaScript error: resource:///modules/Interactions.jsm, line 209: NS_ERROR_FAILURE: Component returned failure code: 0x80004005 (NS_ERROR_FAILURE) [nsIUserIdleService.removeIdleObserver]

###!!! [Parent][RunMessage] Error: Channel closing: too late to send/recv, messages will be lost

1629708615017	geckodriver	INFO	Listening on 127.0.0.1:8049
1629708618053	mozrunner::runner	INFO	Running command: "D:\\Firefox\\firefox.exe" "--marionette" "-foreground" "-no-remote" "-profile" "C:\\Users\\16250\\AppData\\Local\\Temp\\rust_mozprofileA1C6I5"
1629708618525	Marionette	INFO	Marionette enabled
console.warn: SearchSettings: "get: No settings file exists, new profile?" (new NotFoundError("Could not open the file at C:\\Users\\16250\\AppData\\Local\\Temp\\rust_mozprofileA1C6I5\\search.json.mozlz4", (void 0)))
1629708620797	Marionette	INFO	Listening on port 8059
1629708621241	RemoteAgent	WARN	TLS certificate errors will be ignored for this session
1629708625333	Marionette	INFO	Stopped listening on port 8059
JavaScript error: resource:///modules/Interactions.jsm, line 209: NS_ERROR_FAILURE: Component returned failure code: 0x80004005 (NS_ERROR_FAILURE) [nsIUserIdleService.removeIdleObserver]
[Parent 30736, IPC I/O Parent] WARNING: file /builds/worker/checkouts/gecko/ipc/chromium/src/base/process_util_win.cc:167

###!!! [Parent][RunMessage] Error: Channel closing: too late to send/recv, messages will be lost

1629708625875	geckodriver	INFO	Listening on 127.0.0.1:8141
1629708628911	mozrunner::runner	INFO	Running command: "D:\\Firefox\\firefox.exe" "--marionette" "-foreground" "-no-remote" "-profile" "C:\\Users\\16250\\AppData\\Local\\Temp\\rust_mozprofileAv7qy9"
1629708629395	Marionette	INFO	Marionette enabled
console.warn: SearchSettings: "get: No settings file exists, new profile?" (new NotFoundError("Could not open the file at C:\\Users\\16250\\AppData\\Local\\Temp\\rust_mozprofileAv7qy9\\search.json.mozlz4", (void 0)))
1629708631750	Marionette	INFO	Listening on port 1661
1629708632107	RemoteAgent	WARN	TLS certificate errors will be ignored for this session
1629708636128	Marionette	INFO	Stopped listening on port 1661
JavaScript error: resource:///modules/Interactions.jsm, line 209: NS_ERROR_FAILURE: Component returned failure code: 0x80004005 (NS_ERROR_FAILURE) [nsIUserIdleService.removeIdleObserver]

###!!! [Parent][RunMessage] Error: Channel closing: too late to send/recv, messages will be lost

1629708636710	geckodriver	INFO	Listening on 127.0.0.1:1736
1629708639747	mozrunner::runner	INFO	Running command: "D:\\Firefox\\firefox.exe" "--marionette" "-foreground" "-no-remote" "-profile" "C:\\Users\\16250\\AppData\\Local\\Temp\\rust_mozprofilehUz9XE"
1629708640210	Marionette	INFO	Marionette enabled
console.warn: SearchSettings: "get: No settings file exists, new profile?" (new NotFoundError("Could not open the file at C:\\Users\\16250\\AppData\\Local\\Temp\\rust_mozprofilehUz9XE\\search.json.mozlz4", (void 0)))
1629708642452	Marionette	INFO	Listening on port 1746
1629708642916	RemoteAgent	WARN	TLS certificate errors will be ignored for this session
1629708647032	Marionette	INFO	Stopped listening on port 1746
JavaScript error: resource:///modules/Interactions.jsm, line 209: NS_ERROR_FAILURE: Component returned failure code: 0x80004005 (NS_ERROR_FAILURE) [nsIUserIdleService.removeIdleObserver]

###!!! [Parent][RunMessage] Error: Channel closing: too late to send/recv, messages will be lost

1629708647670	geckodriver	INFO	Listening on 127.0.0.1:1815
1629708650707	mozrunner::runner	INFO	Running command: "D:\\Firefox\\firefox.exe" "--marionette" "-foreground" "-no-remote" "-profile" "C:\\Users\\16250\\AppData\\Local\\Temp\\rust_mozprofileIgacva"
1629708651171	Marionette	INFO	Marionette enabled
console.warn: SearchSettings: "get: No settings file exists, new profile?" (new NotFoundError("Could not open the file at C:\\Users\\16250\\AppData\\Local\\Temp\\rust_mozprofileIgacva\\search.json.mozlz4", (void 0)))
1629708653617	Marionette	INFO	Listening on port 6302
1629708653880	RemoteAgent	WARN	TLS certificate errors will be ignored for this session
1629708658132	Marionette	INFO	Stopped listening on port 6302
JavaScript error: resource:///modules/Interactions.jsm, line 209: NS_ERROR_FAILURE: Component returned failure code: 0x80004005 (NS_ERROR_FAILURE) [nsIUserIdleService.removeIdleObserver]

###!!! [Parent][RunMessage] Error: Channel closing: too late to send/recv, messages will be lost

1629708658853	geckodriver	INFO	Listening on 127.0.0.1:7213
1629708661881	mozrunner::runner	INFO	Running command: "D:\\Firefox\\firefox.exe" "--marionette" "-foreground" "-no-remote" "-profile" "C:\\Users\\16250\\AppData\\Local\\Temp\\rust_mozprofiletsvezr"
1629708662346	Marionette	INFO	Marionette enabled
console.warn: SearchSettings: "get: No settings file exists, new profile?" (new NotFoundError("Could not open the file at C:\\Users\\16250\\AppData\\Local\\Temp\\rust_mozprofiletsvezr\\search.json.mozlz4", (void 0)))
1629708664558	Marionette	INFO	Listening on port 7222
1629708665058	RemoteAgent	WARN	TLS certificate errors will be ignored for this session
1629708669152	Marionette	INFO	Stopped listening on port 7222
JavaScript error: resource:///modules/Interactions.jsm, line 209: NS_ERROR_FAILURE: Component returned failure code: 0x80004005 (NS_ERROR_FAILURE) [nsIUserIdleService.removeIdleObserver]
[Parent 75496, IPC I/O Parent] WARNING: file /builds/worker/checkouts/gecko/ipc/chromium/src/base/process_util_win.cc:167

###!!! [Parent][RunMessage] Error: Channel closing: too late to send/recv, messages will be lost

1629708669726	geckodriver	INFO	Listening on 127.0.0.1:1733
1629708672747	mozrunner::runner	INFO	Running command: "D:\\Firefox\\firefox.exe" "--marionette" "-foreground" "-no-remote" "-profile" "C:\\Users\\16250\\AppData\\Local\\Temp\\rust_mozprofileDjMXeX"
1629708673204	Marionette	INFO	Marionette enabled
console.warn: SearchSettings: "get: No settings file exists, new profile?" (new NotFoundError("Could not open the file at C:\\Users\\16250\\AppData\\Local\\Temp\\rust_mozprofileDjMXeX\\search.json.mozlz4", (void 0)))
1629708675534	Marionette	INFO	Listening on port 1748
1629708675940	RemoteAgent	WARN	TLS certificate errors will be ignored for this session
1629708681172	Marionette	INFO	Stopped listening on port 1748
JavaScript error: resource:///modules/Interactions.jsm, line 209: NS_ERROR_FAILURE: Component returned failure code: 0x80004005 (NS_ERROR_FAILURE) [nsIUserIdleService.removeIdleObserver]
[Parent 85836, IPC I/O Parent] WARNING: file /builds/worker/checkouts/gecko/ipc/chromium/src/base/process_util_win.cc:167

###!!! [Parent][RunMessage] Error: Channel closing: too late to send/recv, messages will be lost

1629708681841	geckodriver	INFO	Listening on 127.0.0.1:1872
1629708684874	mozrunner::runner	INFO	Running command: "D:\\Firefox\\firefox.exe" "--marionette" "-foreground" "-no-remote" "-profile" "C:\\Users\\16250\\AppData\\Local\\Temp\\rust_mozprofilewyZXTI"
1629708685345	Marionette	INFO	Marionette enabled
console.warn: SearchSettings: "get: No settings file exists, new profile?" (new NotFoundError("Could not open the file at C:\\Users\\16250\\AppData\\Local\\Temp\\rust_mozprofilewyZXTI\\search.json.mozlz4", (void 0)))
1629708687688	Marionette	INFO	Listening on port 1882
1629708688073	RemoteAgent	WARN	TLS certificate errors will be ignored for this session
1629708691701	Marionette	INFO	Stopped listening on port 1882
JavaScript error: resource:///modules/Interactions.jsm, line 209: NS_ERROR_FAILURE: Component returned failure code: 0x80004005 (NS_ERROR_FAILURE) [nsIUserIdleService.removeIdleObserver]

###!!! [Parent][RunMessage] Error: Channel closing: too late to send/recv, messages will be lost

1629708692287	geckodriver	INFO	Listening on 127.0.0.1:9726
1629708695330	mozrunner::runner	INFO	Running command: "D:\\Firefox\\firefox.exe" "--marionette" "-foreground" "-no-remote" "-profile" "C:\\Users\\16250\\AppData\\Local\\Temp\\rust_mozprofileDGWGQV"
1629708695783	Marionette	INFO	Marionette enabled
console.warn: SearchSettings: "get: No settings file exists, new profile?" (new NotFoundError("Could not open the file at C:\\Users\\16250\\AppData\\Local\\Temp\\rust_mozprofileDGWGQV\\search.json.mozlz4", (void 0)))
1629708698075	Marionette	INFO	Listening on port 9736
1629708698519	RemoteAgent	WARN	TLS certificate errors will be ignored for this session
1629708702577	Marionette	INFO	Stopped listening on port 9736
JavaScript error: resource:///modules/Interactions.jsm, line 209: NS_ERROR_FAILURE: Component returned failure code: 0x80004005 (NS_ERROR_FAILURE) [nsIUserIdleService.removeIdleObserver]
1629708703209	geckodriver	INFO	Listening on 127.0.0.1:9813
1629708706238	mozrunner::runner	INFO	Running command: "D:\\Firefox\\firefox.exe" "--marionette" "-foreground" "-no-remote" "-profile" "C:\\Users\\16250\\AppData\\Local\\Temp\\rust_mozprofilezPtUn9"
1629708706704	Marionette	INFO	Marionette enabled
console.warn: SearchSettings: "get: No settings file exists, new profile?" (new NotFoundError("Could not open the file at C:\\Users\\16250\\AppData\\Local\\Temp\\rust_mozprofilezPtUn9\\search.json.mozlz4", (void 0)))
1629708708888	Marionette	INFO	Listening on port 9822
1629708708926	RemoteAgent	WARN	TLS certificate errors will be ignored for this session
1629708711776	Marionette	INFO	Stopped listening on port 9822
JavaScript error: resource:///modules/Interactions.jsm, line 209: NS_ERROR_FAILURE: Component returned failure code: 0x80004005 (NS_ERROR_FAILURE) [nsIUserIdleService.removeIdleObserver]

###!!! [Parent][RunMessage] Error: Channel closing: too late to send/recv, messages will be lost

1629708712775	geckodriver	INFO	Listening on 127.0.0.1:2056
1629708715818	mozrunner::runner	INFO	Running command: "D:\\Firefox\\firefox.exe" "--marionette" "-foreground" "-no-remote" "-profile" "C:\\Users\\16250\\AppData\\Local\\Temp\\rust_mozprofileTd2kxu"
1629708716298	Marionette	INFO	Marionette enabled
console.warn: SearchSettings: "get: No settings file exists, new profile?" (new NotFoundError("Could not open the file at C:\\Users\\16250\\AppData\\Local\\Temp\\rust_mozprofileTd2kxu\\search.json.mozlz4", (void 0)))
1629708718635	Marionette	INFO	Listening on port 2066
1629708719007	RemoteAgent	WARN	TLS certificate errors will be ignored for this session
1629708724367	Marionette	INFO	Stopped listening on port 2066
JavaScript error: resource:///modules/Interactions.jsm, line 209: NS_ERROR_FAILURE: Component returned failure code: 0x80004005 (NS_ERROR_FAILURE) [nsIUserIdleService.removeIdleObserver]

###!!! [Parent][RunMessage] Error: Channel closing: too late to send/recv, messages will be lost

1629708724903	geckodriver	INFO	Listening on 127.0.0.1:2140
1629708727938	mozrunner::runner	INFO	Running command: "D:\\Firefox\\firefox.exe" "--marionette" "-foreground" "-no-remote" "-profile" "C:\\Users\\16250\\AppData\\Local\\Temp\\rust_mozprofilem1EvWh"
1629708728404	Marionette	INFO	Marionette enabled
console.warn: SearchSettings: "get: No settings file exists, new profile?" (new NotFoundError("Could not open the file at C:\\Users\\16250\\AppData\\Local\\Temp\\rust_mozprofilem1EvWh\\search.json.mozlz4", (void 0)))
1629708730580	Marionette	INFO	Listening on port 2149
1629708730623	RemoteAgent	WARN	TLS certificate errors will be ignored for this session
1629708735187	Marionette	INFO	Stopped listening on port 2149
JavaScript error: resource:///modules/Interactions.jsm, line 209: NS_ERROR_FAILURE: Component returned failure code: 0x80004005 (NS_ERROR_FAILURE) [nsIUserIdleService.removeIdleObserver]

###!!! [Parent][RunMessage] Error: Channel closing: too late to send/recv, messages will be lost

1629708735843	geckodriver	INFO	Listening on 127.0.0.1:5925
1629708738892	mozrunner::runner	INFO	Running command: "D:\\Firefox\\firefox.exe" "--marionette" "-foreground" "-no-remote" "-profile" "C:\\Users\\16250\\AppData\\Local\\Temp\\rust_mozprofileoyjSPr"
1629708739360	Marionette	INFO	Marionette enabled
console.warn: SearchSettings: "get: No settings file exists, new profile?" (new NotFoundError("Could not open the file at C:\\Users\\16250\\AppData\\Local\\Temp\\rust_mozprofileoyjSPr\\search.json.mozlz4", (void 0)))
1629708741638	Marionette	INFO	Listening on port 5935
1629708742067	RemoteAgent	WARN	TLS certificate errors will be ignored for this session
1629708744644	Marionette	INFO	Stopped listening on port 5935
JavaScript error: resource:///modules/Interactions.jsm, line 209: NS_ERROR_FAILURE: Component returned failure code: 0x80004005 (NS_ERROR_FAILURE) [nsIUserIdleService.removeIdleObserver]

###!!! [Parent][RunMessage] Error: Channel closing: too late to send/recv, messages will be lost

1629708745475	geckodriver	INFO	Listening on 127.0.0.1:6001
1629708748519	mozrunner::runner	INFO	Running command: "D:\\Firefox\\firefox.exe" "--marionette" "-foreground" "-no-remote" "-profile" "C:\\Users\\16250\\AppData\\Local\\Temp\\rust_mozprofileP77ePf"
1629708748983	Marionette	INFO	Marionette enabled
console.warn: SearchSettings: "get: No settings file exists, new profile?" (new NotFoundError("Could not open the file at C:\\Users\\16250\\AppData\\Local\\Temp\\rust_mozprofileP77ePf\\search.json.mozlz4", (void 0)))
1629708751309	Marionette	INFO	Listening on port 6011
1629708751704	RemoteAgent	WARN	TLS certificate errors will be ignored for this session
1629708758541	Marionette	INFO	Stopped listening on port 6011
JavaScript error: resource:///modules/Interactions.jsm, line 209: NS_ERROR_FAILURE: Component returned failure code: 0x80004005 (NS_ERROR_FAILURE) [nsIUserIdleService.removeIdleObserver]

###!!! [Parent][RunMessage] Error: Channel closing: too late to send/recv, messages will be lost

